  Cube.cpp
  Cuboid.cpp
  Cylinder.cpp
  Game.cpp
C:\Users\Daniel Salguero\source\repos\programa_p1\programa_p1\Game.cpp(27,32): warning C4305: 'argumento': truncamiento de 'double' a 'float'
C:\Users\Daniel Salguero\source\repos\programa_p1\programa_p1\Game.cpp(33,30): warning C4305: 'argumento': truncamiento de 'double' a 'float'
C:\Users\Daniel Salguero\source\repos\programa_p1\programa_p1\Game.cpp(34,46): warning C4305: 'argumento': truncamiento de 'double' a 'float'
C:\Users\Daniel Salguero\source\repos\programa_p1\programa_p1\Game.cpp(39,32): warning C4305: 'argumento': truncamiento de 'double' a 'float'
C:\Users\Daniel Salguero\source\repos\programa_p1\programa_p1\Game.cpp(45,32): warning C4305: 'argumento': truncamiento de 'double' a 'float'
C:\Users\Daniel Salguero\source\repos\programa_p1\programa_p1\Game.cpp(51,31): warning C4305: 'argumento': truncamiento de 'double' a 'float'
C:\Users\Daniel Salguero\source\repos\programa_p1\programa_p1\Game.cpp(52,64): warning C4305: 'argumento': truncamiento de 'double' a 'float'
C:\Users\Daniel Salguero\source\repos\programa_p1\programa_p1\Game.cpp(57,34): warning C4305: 'argumento': truncamiento de 'double' a 'float'
C:\Users\Daniel Salguero\source\repos\programa_p1\programa_p1\Game.cpp(58,82): warning C4305: 'argumento': truncamiento de 'double' a 'float'
  Solid.cpp
  Sphere.cpp
C:\Users\Daniel Salguero\source\repos\programa_p1\programa_p1\Sphere.cpp(10,70): warning C4244: 'argumento': conversión de 'float' a 'GLint'; posible pérdida de datos
C:\Users\Daniel Salguero\source\repos\programa_p1\programa_p1\Sphere.cpp(10,51): warning C4244: 'argumento': conversión de 'float' a 'GLint'; posible pérdida de datos
  Teapot.cpp
  Torus.cpp
  programa_p1.cpp
C:\Users\Daniel Salguero\source\repos\programa_p1\programa_p1\programa_p1.cpp(16,25): warning C4305: 'inicializando': truncamiento de 'double' a 'GLclampf'
C:\Users\Daniel Salguero\source\repos\programa_p1\programa_p1\programa_p1.cpp(17,27): warning C4305: 'inicializando': truncamiento de 'double' a 'GLclampf'
  Generando código...
  programa_p1.vcxproj -> C:\Users\Daniel Salguero\source\repos\programa_p1\Debug\programa_p1.exe
