c:\users\daniel salguero\desktop\programa_p3\programa_p1\x64\debug\vc142.pdb
c:\users\daniel salguero\desktop\programa_p3\programa_p1\x64\debug\vc142.idb
c:\users\daniel salguero\desktop\programa_p3\programa_p1\x64\debug\vector3d.obj
c:\users\daniel salguero\desktop\programa_p3\programa_p1\x64\debug\triangle.obj
c:\users\daniel salguero\desktop\programa_p3\programa_p1\x64\debug\torus.obj
c:\users\daniel salguero\desktop\programa_p3\programa_p1\x64\debug\text.obj
c:\users\daniel salguero\desktop\programa_p3\programa_p1\x64\debug\teapot.obj
c:\users\daniel salguero\desktop\programa_p3\programa_p1\x64\debug\sphere.obj
c:\users\daniel salguero\desktop\programa_p3\programa_p1\x64\debug\solid.obj
c:\users\daniel salguero\desktop\programa_p3\programa_p1\x64\debug\scene.obj
c:\users\daniel salguero\desktop\programa_p3\programa_p1\x64\debug\programa_p2.obj
c:\users\daniel salguero\desktop\programa_p3\programa_p1\x64\debug\modelloader.obj
c:\users\daniel salguero\desktop\programa_p3\programa_p1\x64\debug\model.obj
c:\users\daniel salguero\desktop\programa_p3\programa_p1\x64\debug\jugador.obj
c:\users\daniel salguero\desktop\programa_p3\programa_p1\x64\debug\interfaz.obj
c:\users\daniel salguero\desktop\programa_p3\programa_p1\x64\debug\game.obj
c:\users\daniel salguero\desktop\programa_p3\programa_p1\x64\debug\cylinder.obj
c:\users\daniel salguero\desktop\programa_p3\programa_p1\x64\debug\cuboid.obj
c:\users\daniel salguero\desktop\programa_p3\programa_p1\x64\debug\cube.obj
c:\users\daniel salguero\desktop\programa_p3\programa_p1\x64\debug\color.obj
c:\users\daniel salguero\desktop\programa_p3\programa_p1\x64\debug\colisionables.obj
c:\users\daniel salguero\desktop\programa_p3\programa_p1\x64\debug\camera.obj
c:\users\daniel salguero\desktop\programa_p3\programa_p1\x64\debug\vidas.obj
c:\users\daniel salguero\desktop\programa_p3\programa_p1\x64\debug\obstáculo.obj
c:\users\daniel salguero\desktop\programa_p3\programa_p1\x64\debug\munición.obj
c:\users\daniel salguero\desktop\programa_p3\x64\debug\programa_p2.exe
c:\users\daniel salguero\desktop\programa_p3\programa_p1\x64\debug\programa_p2.ilk
c:\users\daniel salguero\desktop\programa_p3\x64\debug\programa_p2.pdb
c:\users\daniel salguero\desktop\programa_p3\programa_p1\x64\debug\programa_p1.ilk
c:\users\daniel salguero\desktop\programa_p3\x64\debug\programa_p2.ilk
c:\users\daniel salguero\desktop\programa_p3\programa_p1\x64\debug\programa_p2.tlog\cl.command.1.tlog
c:\users\daniel salguero\desktop\programa_p3\programa_p1\x64\debug\programa_p2.tlog\cl.read.1.tlog
c:\users\daniel salguero\desktop\programa_p3\programa_p1\x64\debug\programa_p2.tlog\cl.write.1.tlog
c:\users\daniel salguero\desktop\programa_p3\programa_p1\x64\debug\programa_p2.tlog\link.command.1.tlog
c:\users\daniel salguero\desktop\programa_p3\programa_p1\x64\debug\programa_p2.tlog\link.delete.1.tlog
c:\users\daniel salguero\desktop\programa_p3\programa_p1\x64\debug\programa_p2.tlog\link.read.1.tlog
c:\users\daniel salguero\desktop\programa_p3\programa_p1\x64\debug\programa_p2.tlog\link.write.1.tlog
